[2016-08-06 14:26:23,935] DEBUG preRegister called. Server=com.sun.jmx.mbeanserver.JmxMBeanServer@66d3c617, name=log4j:logger=kafka.controller (kafka.controller)
[2016-08-06 14:26:43,018] DEBUG preRegister called. Server=com.sun.jmx.mbeanserver.JmxMBeanServer@66d3c617, name=log4j:logger=kafka.controller (kafka.controller)
[2016-08-06 14:27:52,765] INFO [Controller 0]: Controller starting up (kafka.controller.KafkaController)
[2016-08-06 14:27:52,813] INFO [Controller 0]: Broker 0 starting become controller state transition (kafka.controller.KafkaController)
[2016-08-06 14:27:52,819] INFO [Controller 0]: Controller 0 incremented epoch to 1 (kafka.controller.KafkaController)
[2016-08-06 14:27:52,820] DEBUG [Controller 0]: Registering IsrChangeNotificationListener (kafka.controller.KafkaController)
[2016-08-06 14:27:52,837] INFO [Controller 0]: Partitions undergoing preferred replica election:  (kafka.controller.KafkaController)
[2016-08-06 14:27:52,838] INFO [Controller 0]: Partitions that completed preferred replica election:  (kafka.controller.KafkaController)
[2016-08-06 14:27:52,839] INFO [Controller 0]: Resuming preferred replica election for partitions:  (kafka.controller.KafkaController)
[2016-08-06 14:27:52,846] INFO [Controller 0]: Partitions being reassigned: Map() (kafka.controller.KafkaController)
[2016-08-06 14:27:52,846] INFO [Controller 0]: Partitions already reassigned: List() (kafka.controller.KafkaController)
[2016-08-06 14:27:52,848] INFO [Controller 0]: Resuming reassignment of partitions: Map() (kafka.controller.KafkaController)
[2016-08-06 14:27:52,851] INFO [Controller 0]: List of topics to be deleted:  (kafka.controller.KafkaController)
[2016-08-06 14:27:52,851] INFO [Controller 0]: List of topics ineligible for deletion:  (kafka.controller.KafkaController)
[2016-08-06 14:27:52,855] INFO [Controller 0]: Currently active brokers in the cluster: Set() (kafka.controller.KafkaController)
[2016-08-06 14:27:52,855] INFO [Controller 0]: Currently shutting brokers in the cluster: Set() (kafka.controller.KafkaController)
[2016-08-06 14:27:52,856] INFO [Controller 0]: Current list of topics in the cluster: Set() (kafka.controller.KafkaController)
[2016-08-06 14:27:52,859] INFO [Replica state machine on controller 0]: Started replica state machine with initial state -> Map() (kafka.controller.ReplicaStateMachine)
[2016-08-06 14:27:52,866] INFO [Partition state machine on Controller 0]: Started partition state machine with initial state -> Map() (kafka.controller.PartitionStateMachine)
[2016-08-06 14:27:52,868] INFO [Controller 0]: Broker 0 is ready to serve as the new controller with epoch 1 (kafka.controller.KafkaController)
[2016-08-06 14:27:52,871] INFO [Controller 0]: Starting preferred replica leader election for partitions  (kafka.controller.KafkaController)
[2016-08-06 14:27:52,872] INFO [Partition state machine on Controller 0]: Invoking state change to OnlinePartition for partitions  (kafka.controller.PartitionStateMachine)
[2016-08-06 14:27:52,877] INFO [Controller 0]: starting the partition rebalance scheduler (kafka.controller.KafkaController)
[2016-08-06 14:27:52,879] INFO [Controller 0]: Controller startup complete (kafka.controller.KafkaController)
[2016-08-06 14:27:53,051] INFO [BrokerChangeListener on Controller 0]: Broker change listener fired for path /brokers/ids with children 0 (kafka.controller.ReplicaStateMachine$BrokerChangeListener)
[2016-08-06 14:27:53,110] INFO [BrokerChangeListener on Controller 0]: Newly added brokers: 0, deleted brokers: , all live brokers: 0 (kafka.controller.ReplicaStateMachine$BrokerChangeListener)
[2016-08-06 14:27:53,113] DEBUG [Channel manager on controller 0]: Controller 0 trying to connect to broker 0 (kafka.controller.ControllerChannelManager)
[2016-08-06 14:27:53,125] INFO [Controller-0-to-broker-0-send-thread], Starting  (kafka.controller.RequestSendThread)
[2016-08-06 14:27:53,126] INFO [Controller 0]: New broker startup callback for 0 (kafka.controller.KafkaController)
[2016-08-06 14:27:53,159] INFO [Controller-0-to-broker-0-send-thread], Controller 0 connected to 192.168.100.159:9092 (id: 0 rack: null) for sending state change requests (kafka.controller.RequestSendThread)
[2016-08-06 14:27:57,884] TRACE [Controller 0]: checking need to trigger partition rebalance (kafka.controller.KafkaController)
[2016-08-06 14:27:57,887] DEBUG [Controller 0]: preferred replicas by broker Map() (kafka.controller.KafkaController)
[2016-08-06 14:28:53,083] DEBUG [TopicChangeListener on Controller 0]: Topic change listener fired for path /brokers/topics with children test (kafka.controller.PartitionStateMachine$TopicChangeListener)
[2016-08-06 14:28:53,092] INFO [TopicChangeListener on Controller 0]: New topics: [Set(test)], deleted topics: [Set()], new partition replica assignment [Map([test,0] -> List(0))] (kafka.controller.PartitionStateMachine$TopicChangeListener)
[2016-08-06 14:28:53,093] INFO [Controller 0]: New topic creation callback for [test,0] (kafka.controller.KafkaController)
[2016-08-06 14:28:53,107] INFO [Controller 0]: New partition creation callback for [test,0] (kafka.controller.KafkaController)
[2016-08-06 14:28:53,108] INFO [Partition state machine on Controller 0]: Invoking state change to NewPartition for partitions [test,0] (kafka.controller.PartitionStateMachine)
[2016-08-06 14:28:53,113] INFO [Replica state machine on controller 0]: Invoking state change to NewReplica for replicas [Topic=test,Partition=0,Replica=0] (kafka.controller.ReplicaStateMachine)
[2016-08-06 14:28:53,117] INFO [Partition state machine on Controller 0]: Invoking state change to OnlinePartition for partitions [test,0] (kafka.controller.PartitionStateMachine)
[2016-08-06 14:28:53,119] DEBUG [Partition state machine on Controller 0]: Live assigned replicas for partition [test,0] are: [List(0)] (kafka.controller.PartitionStateMachine)
[2016-08-06 14:28:53,121] DEBUG [Partition state machine on Controller 0]: Initializing leader and isr for partition [test,0] to (Leader:0,ISR:0,LeaderEpoch:0,ControllerEpoch:1) (kafka.controller.PartitionStateMachine)
[2016-08-06 14:28:53,142] INFO [Replica state machine on controller 0]: Invoking state change to OnlineReplica for replicas [Topic=test,Partition=0,Replica=0] (kafka.controller.ReplicaStateMachine)
[2016-08-06 14:32:57,891] TRACE [Controller 0]: checking need to trigger partition rebalance (kafka.controller.KafkaController)
[2016-08-06 14:32:57,893] DEBUG [Controller 0]: preferred replicas by broker Map(0 -> Map([test,0] -> List(0))) (kafka.controller.KafkaController)
[2016-08-06 14:32:57,894] DEBUG [Controller 0]: topics not in preferred replica Map() (kafka.controller.KafkaController)
[2016-08-06 14:32:57,896] TRACE [Controller 0]: leader imbalance ratio for broker 0 is 0.000000 (kafka.controller.KafkaController)
[2016-08-06 14:37:34,789] INFO [Controller 0]: Shutting down broker 0 (kafka.controller.KafkaController)
[2016-08-06 14:37:34,790] DEBUG [Controller 0]: All shutting down brokers: 0 (kafka.controller.KafkaController)
[2016-08-06 14:37:34,791] DEBUG [Controller 0]: Live brokers:  (kafka.controller.KafkaController)
[2016-08-06 14:37:34,795] TRACE [Controller 0]: All leaders = [test,0] -> (Leader:0,ISR:0,LeaderEpoch:0,ControllerEpoch:1) (kafka.controller.KafkaController)
[2016-08-06 14:37:37,332] DEBUG [Controller 0]: Controller resigning, broker id 0 (kafka.controller.KafkaController)
[2016-08-06 14:37:37,332] DEBUG [Controller 0]: De-registering IsrChangeNotificationListener (kafka.controller.KafkaController)
[2016-08-06 14:37:37,334] INFO [Partition state machine on Controller 0]: Stopped partition state machine (kafka.controller.PartitionStateMachine)
[2016-08-06 14:37:37,334] INFO [Replica state machine on controller 0]: Stopped replica state machine (kafka.controller.ReplicaStateMachine)
[2016-08-06 14:37:37,335] INFO [Controller-0-to-broker-0-send-thread], Shutting down (kafka.controller.RequestSendThread)
[2016-08-06 14:37:37,335] INFO [Controller-0-to-broker-0-send-thread], Stopped  (kafka.controller.RequestSendThread)
[2016-08-06 14:37:37,335] INFO [Controller-0-to-broker-0-send-thread], Shutdown completed (kafka.controller.RequestSendThread)
[2016-08-06 14:37:37,336] INFO [Controller 0]: Broker 0 resigned as the controller (kafka.controller.KafkaController)
[2016-08-06 14:41:19,800] INFO [Controller 1]: Controller starting up (kafka.controller.KafkaController)
[2016-08-06 14:41:19,834] INFO [Controller 1]: Broker 1 starting become controller state transition (kafka.controller.KafkaController)
[2016-08-06 14:41:19,841] INFO [Controller 1]: Initialized controller epoch to 1 and zk version 0 (kafka.controller.KafkaController)
[2016-08-06 14:41:19,848] INFO [Controller 1]: Controller 1 incremented epoch to 2 (kafka.controller.KafkaController)
[2016-08-06 14:41:19,850] DEBUG [Controller 1]: Registering IsrChangeNotificationListener (kafka.controller.KafkaController)
[2016-08-06 14:41:19,910] INFO [Controller 1]: Partitions undergoing preferred replica election:  (kafka.controller.KafkaController)
[2016-08-06 14:41:19,911] INFO [Controller 1]: Partitions that completed preferred replica election:  (kafka.controller.KafkaController)
[2016-08-06 14:41:19,912] INFO [Controller 1]: Resuming preferred replica election for partitions:  (kafka.controller.KafkaController)
[2016-08-06 14:41:19,914] INFO [Controller 1]: Partitions being reassigned: Map() (kafka.controller.KafkaController)
[2016-08-06 14:41:19,915] INFO [Controller 1]: Partitions already reassigned: List() (kafka.controller.KafkaController)
[2016-08-06 14:41:19,916] INFO [Controller 1]: Resuming reassignment of partitions: Map() (kafka.controller.KafkaController)
[2016-08-06 14:41:19,919] INFO [Controller 1]: List of topics to be deleted:  (kafka.controller.KafkaController)
[2016-08-06 14:41:19,920] INFO [Controller 1]: List of topics ineligible for deletion: test (kafka.controller.KafkaController)
[2016-08-06 14:41:19,922] INFO [Controller 1]: Currently active brokers in the cluster: Set() (kafka.controller.KafkaController)
[2016-08-06 14:41:19,922] INFO [Controller 1]: Currently shutting brokers in the cluster: Set() (kafka.controller.KafkaController)
[2016-08-06 14:41:19,923] INFO [Controller 1]: Current list of topics in the cluster: Set(test) (kafka.controller.KafkaController)
[2016-08-06 14:41:19,926] INFO [Replica state machine on controller 1]: Started replica state machine with initial state -> Map([Topic=test,Partition=0,Replica=0] -> ReplicaDeletionIneligible) (kafka.controller.ReplicaStateMachine)
[2016-08-06 14:41:19,945] DEBUG [OfflinePartitionLeaderSelector]: No broker in ISR is alive for [test,0]. Pick the leader from the alive assigned replicas:  (kafka.controller.OfflinePartitionLeaderSelector)
[2016-08-06 14:41:19,955] INFO [Partition state machine on Controller 1]: Started partition state machine with initial state -> Map([test,0] -> OfflinePartition) (kafka.controller.PartitionStateMachine)
[2016-08-06 14:41:19,958] INFO [Controller 1]: Broker 1 is ready to serve as the new controller with epoch 2 (kafka.controller.KafkaController)
[2016-08-06 14:41:19,959] INFO [Controller 1]: Starting preferred replica leader election for partitions  (kafka.controller.KafkaController)
[2016-08-06 14:41:19,960] INFO [Partition state machine on Controller 1]: Invoking state change to OnlinePartition for partitions  (kafka.controller.PartitionStateMachine)
[2016-08-06 14:41:19,965] INFO [Controller 1]: starting the partition rebalance scheduler (kafka.controller.KafkaController)
[2016-08-06 14:41:19,966] INFO [Controller 1]: Controller startup complete (kafka.controller.KafkaController)
[2016-08-06 14:41:20,041] INFO [BrokerChangeListener on Controller 1]: Broker change listener fired for path /brokers/ids with children 1 (kafka.controller.ReplicaStateMachine$BrokerChangeListener)
[2016-08-06 14:41:20,080] INFO [BrokerChangeListener on Controller 1]: Newly added brokers: 1, deleted brokers: , all live brokers: 1 (kafka.controller.ReplicaStateMachine$BrokerChangeListener)
[2016-08-06 14:41:20,082] DEBUG [Channel manager on controller 1]: Controller 1 trying to connect to broker 1 (kafka.controller.ControllerChannelManager)
[2016-08-06 14:41:20,092] INFO [Controller-1-to-broker-1-send-thread], Starting  (kafka.controller.RequestSendThread)
[2016-08-06 14:41:20,093] INFO [Controller 1]: New broker startup callback for 1 (kafka.controller.KafkaController)
[2016-08-06 14:41:20,124] INFO [Controller-1-to-broker-1-send-thread], Controller 1 connected to 192.168.100.159:9093 (id: 1 rack: null) for sending state change requests (kafka.controller.RequestSendThread)
[2016-08-06 14:41:20,131] DEBUG [OfflinePartitionLeaderSelector]: No broker in ISR is alive for [test,0]. Pick the leader from the alive assigned replicas:  (kafka.controller.OfflinePartitionLeaderSelector)
[2016-08-06 14:41:24,969] TRACE [Controller 1]: checking need to trigger partition rebalance (kafka.controller.KafkaController)
[2016-08-06 14:41:24,972] DEBUG [Controller 1]: preferred replicas by broker Map(0 -> Map([test,0] -> List(0))) (kafka.controller.KafkaController)
[2016-08-06 14:41:24,974] DEBUG [Controller 1]: topics not in preferred replica Map() (kafka.controller.KafkaController)
[2016-08-06 14:41:24,975] TRACE [Controller 1]: leader imbalance ratio for broker 0 is 0.000000 (kafka.controller.KafkaController)
[2016-08-06 14:41:38,522] INFO [Controller 2]: Controller starting up (kafka.controller.KafkaController)
[2016-08-06 14:41:38,595] INFO [Controller 2]: Controller startup complete (kafka.controller.KafkaController)
[2016-08-06 14:41:38,739] INFO [BrokerChangeListener on Controller 1]: Broker change listener fired for path /brokers/ids with children 1,2 (kafka.controller.ReplicaStateMachine$BrokerChangeListener)
[2016-08-06 14:41:38,754] INFO [BrokerChangeListener on Controller 1]: Newly added brokers: 2, deleted brokers: , all live brokers: 1,2 (kafka.controller.ReplicaStateMachine$BrokerChangeListener)
[2016-08-06 14:41:38,755] DEBUG [Channel manager on controller 1]: Controller 1 trying to connect to broker 2 (kafka.controller.ControllerChannelManager)
[2016-08-06 14:41:38,758] INFO [Controller 1]: New broker startup callback for 2 (kafka.controller.KafkaController)
[2016-08-06 14:41:38,760] INFO [Controller-1-to-broker-2-send-thread], Starting  (kafka.controller.RequestSendThread)
[2016-08-06 14:41:38,762] INFO [Controller-1-to-broker-2-send-thread], Controller 1 connected to 192.168.100.159:9094 (id: 2 rack: null) for sending state change requests (kafka.controller.RequestSendThread)
[2016-08-06 14:41:38,784] DEBUG [OfflinePartitionLeaderSelector]: No broker in ISR is alive for [test,0]. Pick the leader from the alive assigned replicas:  (kafka.controller.OfflinePartitionLeaderSelector)
[2016-08-06 14:44:19,422] DEBUG [TopicChangeListener on Controller 1]: Topic change listener fired for path /brokers/topics with children test,my-replicated-topic (kafka.controller.PartitionStateMachine$TopicChangeListener)
[2016-08-06 14:44:19,427] INFO [TopicChangeListener on Controller 1]: New topics: [Set(my-replicated-topic)], deleted topics: [Set()], new partition replica assignment [Map([my-replicated-topic,0] -> List(2, 1))] (kafka.controller.PartitionStateMachine$TopicChangeListener)
[2016-08-06 14:44:19,428] INFO [Controller 1]: New topic creation callback for [my-replicated-topic,0] (kafka.controller.KafkaController)
[2016-08-06 14:44:19,430] INFO [Controller 1]: New partition creation callback for [my-replicated-topic,0] (kafka.controller.KafkaController)
[2016-08-06 14:44:19,430] INFO [Partition state machine on Controller 1]: Invoking state change to NewPartition for partitions [my-replicated-topic,0] (kafka.controller.PartitionStateMachine)
[2016-08-06 14:44:19,433] INFO [Replica state machine on controller 1]: Invoking state change to NewReplica for replicas [Topic=my-replicated-topic,Partition=0,Replica=2],[Topic=my-replicated-topic,Partition=0,Replica=1] (kafka.controller.ReplicaStateMachine)
[2016-08-06 14:44:19,437] INFO [Partition state machine on Controller 1]: Invoking state change to OnlinePartition for partitions [my-replicated-topic,0] (kafka.controller.PartitionStateMachine)
[2016-08-06 14:44:19,439] DEBUG [Partition state machine on Controller 1]: Live assigned replicas for partition [my-replicated-topic,0] are: [List(2, 1)] (kafka.controller.PartitionStateMachine)
[2016-08-06 14:44:19,439] DEBUG [Partition state machine on Controller 1]: Initializing leader and isr for partition [my-replicated-topic,0] to (Leader:2,ISR:2,1,LeaderEpoch:0,ControllerEpoch:2) (kafka.controller.PartitionStateMachine)
[2016-08-06 14:44:19,455] INFO [Replica state machine on controller 1]: Invoking state change to OnlineReplica for replicas [Topic=my-replicated-topic,Partition=0,Replica=2],[Topic=my-replicated-topic,Partition=0,Replica=1] (kafka.controller.ReplicaStateMachine)
[2016-08-06 14:46:24,977] TRACE [Controller 1]: checking need to trigger partition rebalance (kafka.controller.KafkaController)
[2016-08-06 14:46:24,978] DEBUG [Controller 1]: preferred replicas by broker Map(2 -> Map([my-replicated-topic,0] -> List(2, 1)), 0 -> Map([test,0] -> List(0))) (kafka.controller.KafkaController)
[2016-08-06 14:46:24,978] DEBUG [Controller 1]: topics not in preferred replica Map() (kafka.controller.KafkaController)
[2016-08-06 14:46:24,978] TRACE [Controller 1]: leader imbalance ratio for broker 2 is 0.000000 (kafka.controller.KafkaController)
[2016-08-06 14:46:24,978] DEBUG [Controller 1]: topics not in preferred replica Map() (kafka.controller.KafkaController)
[2016-08-06 14:46:24,978] TRACE [Controller 1]: leader imbalance ratio for broker 0 is 0.000000 (kafka.controller.KafkaController)
[2016-08-06 14:47:15,009] INFO [Controller 2]: Broker 2 starting become controller state transition (kafka.controller.KafkaController)
[2016-08-06 14:47:15,010] INFO [Controller 2]: Initialized controller epoch to 2 and zk version 1 (kafka.controller.KafkaController)
[2016-08-06 14:47:15,013] INFO [Controller 2]: Controller 2 incremented epoch to 3 (kafka.controller.KafkaController)
[2016-08-06 14:47:15,014] DEBUG [Controller 2]: Registering IsrChangeNotificationListener (kafka.controller.KafkaController)
[2016-08-06 14:47:15,050] DEBUG [Channel manager on controller 2]: Controller 2 trying to connect to broker 2 (kafka.controller.ControllerChannelManager)
[2016-08-06 14:47:15,058] INFO [Controller-2-to-broker-2-send-thread], Starting  (kafka.controller.RequestSendThread)
[2016-08-06 14:47:15,059] INFO [Controller 2]: Partitions undergoing preferred replica election:  (kafka.controller.KafkaController)
[2016-08-06 14:47:15,059] INFO [Controller 2]: Partitions that completed preferred replica election:  (kafka.controller.KafkaController)
[2016-08-06 14:47:15,060] INFO [Controller 2]: Resuming preferred replica election for partitions:  (kafka.controller.KafkaController)
[2016-08-06 14:47:15,061] INFO [Controller 2]: Partitions being reassigned: Map() (kafka.controller.KafkaController)
[2016-08-06 14:47:15,062] INFO [Controller 2]: Partitions already reassigned: List() (kafka.controller.KafkaController)
[2016-08-06 14:47:15,062] INFO [Controller 2]: Resuming reassignment of partitions: Map() (kafka.controller.KafkaController)
[2016-08-06 14:47:15,065] INFO [Controller 2]: List of topics to be deleted:  (kafka.controller.KafkaController)
[2016-08-06 14:47:15,065] INFO [Controller 2]: List of topics ineligible for deletion: test,my-replicated-topic (kafka.controller.KafkaController)
[2016-08-06 14:47:15,067] INFO [Controller 2]: Currently active brokers in the cluster: Set(2) (kafka.controller.KafkaController)
[2016-08-06 14:47:15,068] INFO [Controller 2]: Currently shutting brokers in the cluster: Set() (kafka.controller.KafkaController)
[2016-08-06 14:47:15,068] INFO [Controller 2]: Current list of topics in the cluster: Set(test, my-replicated-topic) (kafka.controller.KafkaController)
[2016-08-06 14:47:15,073] INFO [Replica state machine on controller 2]: Invoking state change to OnlineReplica for replicas [Topic=my-replicated-topic,Partition=0,Replica=2] (kafka.controller.ReplicaStateMachine)
[2016-08-06 14:47:15,085] INFO [Controller-2-to-broker-2-send-thread], Controller 2 connected to 192.168.100.159:9094 (id: 2 rack: null) for sending state change requests (kafka.controller.RequestSendThread)
[2016-08-06 14:47:15,087] INFO [Replica state machine on controller 2]: Started replica state machine with initial state -> Map([Topic=my-replicated-topic,Partition=0,Replica=1] -> ReplicaDeletionIneligible, [Topic=test,Partition=0,Replica=0] -> ReplicaDeletionIneligible, [Topic=my-replicated-topic,Partition=0,Replica=2] -> OnlineReplica) (kafka.controller.ReplicaStateMachine)
[2016-08-06 14:47:15,100] DEBUG [OfflinePartitionLeaderSelector]: No broker in ISR is alive for [test,0]. Pick the leader from the alive assigned replicas:  (kafka.controller.OfflinePartitionLeaderSelector)
[2016-08-06 14:47:15,105] INFO [Partition state machine on Controller 2]: Started partition state machine with initial state -> Map([test,0] -> OfflinePartition, [my-replicated-topic,0] -> OnlinePartition) (kafka.controller.PartitionStateMachine)
[2016-08-06 14:47:15,108] INFO [Controller 2]: Broker 2 is ready to serve as the new controller with epoch 3 (kafka.controller.KafkaController)
[2016-08-06 14:47:15,109] INFO [Controller 2]: Starting preferred replica leader election for partitions  (kafka.controller.KafkaController)
[2016-08-06 14:47:15,110] INFO [Partition state machine on Controller 2]: Invoking state change to OnlinePartition for partitions  (kafka.controller.PartitionStateMachine)
[2016-08-06 14:47:15,114] INFO [Controller 2]: starting the partition rebalance scheduler (kafka.controller.KafkaController)
[2016-08-06 14:47:20,118] TRACE [Controller 2]: checking need to trigger partition rebalance (kafka.controller.KafkaController)
[2016-08-06 14:47:20,120] DEBUG [Controller 2]: preferred replicas by broker Map(2 -> Map([my-replicated-topic,0] -> List(2, 1)), 0 -> Map([test,0] -> List(0))) (kafka.controller.KafkaController)
[2016-08-06 14:47:20,122] DEBUG [Controller 2]: topics not in preferred replica Map() (kafka.controller.KafkaController)
[2016-08-06 14:47:20,123] TRACE [Controller 2]: leader imbalance ratio for broker 2 is 0.000000 (kafka.controller.KafkaController)
[2016-08-06 14:47:20,123] DEBUG [Controller 2]: topics not in preferred replica Map() (kafka.controller.KafkaController)
[2016-08-06 14:47:20,123] TRACE [Controller 2]: leader imbalance ratio for broker 0 is 0.000000 (kafka.controller.KafkaController)
[2016-08-06 14:47:21,008] DEBUG [IsrChangeNotificationListener] Fired!!! (kafka.controller.IsrChangeNotificationListener)
[2016-08-06 14:47:21,015] DEBUG Sending MetadataRequest to Brokers:ArrayBuffer(2) for TopicAndPartitions:Set([my-replicated-topic,0]) (kafka.controller.IsrChangeNotificationListener)
[2016-08-06 14:47:21,018] DEBUG [IsrChangeNotificationListener] Fired!!! (kafka.controller.IsrChangeNotificationListener)
[2016-08-06 14:52:20,128] TRACE [Controller 2]: checking need to trigger partition rebalance (kafka.controller.KafkaController)
[2016-08-06 14:52:20,129] DEBUG [Controller 2]: preferred replicas by broker Map(2 -> Map([my-replicated-topic,0] -> List(2, 1)), 0 -> Map([test,0] -> List(0))) (kafka.controller.KafkaController)
[2016-08-06 14:52:20,129] DEBUG [Controller 2]: topics not in preferred replica Map() (kafka.controller.KafkaController)
[2016-08-06 14:52:20,129] TRACE [Controller 2]: leader imbalance ratio for broker 2 is 0.000000 (kafka.controller.KafkaController)
[2016-08-06 14:52:20,129] DEBUG [Controller 2]: topics not in preferred replica Map() (kafka.controller.KafkaController)
[2016-08-06 14:52:20,129] TRACE [Controller 2]: leader imbalance ratio for broker 0 is 0.000000 (kafka.controller.KafkaController)
[2016-08-06 14:55:11,543] INFO [Controller 2]: Shutting down broker 2 (kafka.controller.KafkaController)
[2016-08-06 14:55:11,544] DEBUG [Controller 2]: All shutting down brokers: 2 (kafka.controller.KafkaController)
[2016-08-06 14:55:11,545] DEBUG [Controller 2]: Live brokers:  (kafka.controller.KafkaController)
[2016-08-06 14:55:11,553] INFO [Partition state machine on Controller 2]: Invoking state change to OnlinePartition for partitions [my-replicated-topic,0] (kafka.controller.PartitionStateMachine)
[2016-08-06 14:55:11,572] TRACE [Controller 2]: All leaders = [test,0] -> (Leader:0,ISR:0,LeaderEpoch:0,ControllerEpoch:1),[my-replicated-topic,0] -> (Leader:2,ISR:2,LeaderEpoch:0,ControllerEpoch:2) (kafka.controller.KafkaController)
[2016-08-06 14:55:16,607] INFO [Controller 2]: Shutting down broker 2 (kafka.controller.KafkaController)
[2016-08-06 14:55:16,607] DEBUG [Controller 2]: All shutting down brokers: 2 (kafka.controller.KafkaController)
[2016-08-06 14:55:16,607] DEBUG [Controller 2]: Live brokers:  (kafka.controller.KafkaController)
[2016-08-06 14:55:16,607] INFO [Partition state machine on Controller 2]: Invoking state change to OnlinePartition for partitions [my-replicated-topic,0] (kafka.controller.PartitionStateMachine)
[2016-08-06 14:55:16,624] TRACE [Controller 2]: All leaders = [test,0] -> (Leader:0,ISR:0,LeaderEpoch:0,ControllerEpoch:1),[my-replicated-topic,0] -> (Leader:2,ISR:2,LeaderEpoch:0,ControllerEpoch:2) (kafka.controller.KafkaController)
[2016-08-06 14:55:21,640] INFO [Controller 2]: Shutting down broker 2 (kafka.controller.KafkaController)
[2016-08-06 14:55:21,640] DEBUG [Controller 2]: All shutting down brokers: 2 (kafka.controller.KafkaController)
[2016-08-06 14:55:21,640] DEBUG [Controller 2]: Live brokers:  (kafka.controller.KafkaController)
[2016-08-06 14:55:21,640] INFO [Partition state machine on Controller 2]: Invoking state change to OnlinePartition for partitions [my-replicated-topic,0] (kafka.controller.PartitionStateMachine)
[2016-08-06 14:55:21,645] TRACE [Controller 2]: All leaders = [test,0] -> (Leader:0,ISR:0,LeaderEpoch:0,ControllerEpoch:1),[my-replicated-topic,0] -> (Leader:2,ISR:2,LeaderEpoch:0,ControllerEpoch:2) (kafka.controller.KafkaController)
[2016-08-06 14:55:28,738] DEBUG [Controller 2]: Controller resigning, broker id 2 (kafka.controller.KafkaController)
[2016-08-06 14:55:28,739] DEBUG [Controller 2]: De-registering IsrChangeNotificationListener (kafka.controller.KafkaController)
[2016-08-06 14:55:28,747] INFO [Partition state machine on Controller 2]: Stopped partition state machine (kafka.controller.PartitionStateMachine)
[2016-08-06 14:55:28,748] INFO [Replica state machine on controller 2]: Stopped replica state machine (kafka.controller.ReplicaStateMachine)
[2016-08-06 14:55:28,752] INFO [Controller-2-to-broker-2-send-thread], Shutting down (kafka.controller.RequestSendThread)
[2016-08-06 14:55:28,754] INFO [Controller-2-to-broker-2-send-thread], Stopped  (kafka.controller.RequestSendThread)
[2016-08-06 14:55:28,754] INFO [Controller-2-to-broker-2-send-thread], Shutdown completed (kafka.controller.RequestSendThread)
[2016-08-06 14:55:28,755] INFO [Controller 2]: Broker 2 resigned as the controller (kafka.controller.KafkaController)
