[2016-08-06 14:27:52,645] INFO Starting the log cleaner (kafka.log.LogCleaner)
[2016-08-06 14:27:52,647] INFO [kafka-log-cleaner-thread-0], Starting  (kafka.log.LogCleaner)
[2016-08-06 14:37:37,042] INFO Shutting down the log cleaner. (kafka.log.LogCleaner)
[2016-08-06 14:37:37,043] INFO [kafka-log-cleaner-thread-0], Shutting down (kafka.log.LogCleaner)
[2016-08-06 14:37:37,043] INFO [kafka-log-cleaner-thread-0], Stopped  (kafka.log.LogCleaner)
[2016-08-06 14:37:37,043] INFO [kafka-log-cleaner-thread-0], Shutdown completed (kafka.log.LogCleaner)
[2016-08-06 14:38:30,676] INFO Starting the log cleaner (kafka.log.LogCleaner)
[2016-08-06 14:38:30,677] INFO [kafka-log-cleaner-thread-0], Starting  (kafka.log.LogCleaner)
[2016-08-06 14:38:30,685] INFO Shutting down the log cleaner. (kafka.log.LogCleaner)
[2016-08-06 14:38:30,686] INFO [kafka-log-cleaner-thread-0], Shutting down (kafka.log.LogCleaner)
[2016-08-06 14:38:30,686] INFO [kafka-log-cleaner-thread-0], Stopped  (kafka.log.LogCleaner)
[2016-08-06 14:38:30,686] INFO [kafka-log-cleaner-thread-0], Shutdown completed (kafka.log.LogCleaner)
[2016-08-06 14:41:19,714] INFO Starting the log cleaner (kafka.log.LogCleaner)
[2016-08-06 14:41:19,716] INFO [kafka-log-cleaner-thread-0], Starting  (kafka.log.LogCleaner)
[2016-08-06 14:41:38,410] INFO Starting the log cleaner (kafka.log.LogCleaner)
[2016-08-06 14:41:38,411] INFO [kafka-log-cleaner-thread-0], Starting  (kafka.log.LogCleaner)
[2016-08-06 14:55:28,454] INFO Shutting down the log cleaner. (kafka.log.LogCleaner)
[2016-08-06 14:55:28,455] INFO [kafka-log-cleaner-thread-0], Shutting down (kafka.log.LogCleaner)
[2016-08-06 14:55:28,455] INFO [kafka-log-cleaner-thread-0], Stopped  (kafka.log.LogCleaner)
[2016-08-06 14:55:28,455] INFO [kafka-log-cleaner-thread-0], Shutdown completed (kafka.log.LogCleaner)
